0 info it worked if it ends with ok
1 verbose cli [ 'C:\\Program Files\\nodejs\\node.exe',
1 verbose cli   'C:\\Program Files\\nodejs\\node_modules\\npm\\bin\\npm-cli.js',
1 verbose cli   'install',
1 verbose cli   'nginxparser',
1 verbose cli   '--save' ]
2 info using npm@3.7.3
3 info using node@v5.9.0
4 silly loadCurrentTree Starting
5 silly install loadCurrentTree
6 silly install readLocalPackageData
7 silly fetchPackageMetaData nginxparser
8 silly fetchNamedPackageData nginxparser
9 silly mapToRegistry name nginxparser
10 silly mapToRegistry using default registry
11 silly mapToRegistry registry https://registry.npmjs.org/
12 silly mapToRegistry uri https://registry.npmjs.org/nginxparser
13 verbose request uri https://registry.npmjs.org/nginxparser
14 verbose request no auth needed
15 info attempt registry request try #1 at 2:14:49 PM
16 verbose request id 83dca15346bc9d5d
17 verbose etag "53WM1RDPWNYQ1SQUB7SH21OHU"
18 http request GET https://registry.npmjs.org/nginxparser
19 http 304 https://registry.npmjs.org/nginxparser
20 verbose headers { date: 'Thu, 28 Apr 2016 08:44:51 GMT',
20 verbose headers   via: '1.1 varnish',
20 verbose headers   'cache-control': 'max-age=300',
20 verbose headers   etag: '"53WM1RDPWNYQ1SQUB7SH21OHU"',
20 verbose headers   age: '0',
20 verbose headers   connection: 'keep-alive',
20 verbose headers   'x-served-by': 'cache-lax1433-LAX',
20 verbose headers   'x-cache': 'MISS',
20 verbose headers   'x-cache-hits': '0',
20 verbose headers   'x-timer': 'S1461833091.297082,VS0,VE51',
20 verbose headers   vary: 'Accept-Encoding' }
21 silly get cb [ 304,
21 silly get   { date: 'Thu, 28 Apr 2016 08:44:51 GMT',
21 silly get     via: '1.1 varnish',
21 silly get     'cache-control': 'max-age=300',
21 silly get     etag: '"53WM1RDPWNYQ1SQUB7SH21OHU"',
21 silly get     age: '0',
21 silly get     connection: 'keep-alive',
21 silly get     'x-served-by': 'cache-lax1433-LAX',
21 silly get     'x-cache': 'MISS',
21 silly get     'x-cache-hits': '0',
21 silly get     'x-timer': 'S1461833091.297082,VS0,VE51',
21 silly get     vary: 'Accept-Encoding' } ]
22 verbose etag https://registry.npmjs.org/nginxparser from cache
23 verbose get saving nginxparser to C:\Users\vratnos\AppData\Roaming\npm-cache\registry.npmjs.org\nginxparser\.cache.json
24 verbose correctMkdir C:\Users\vratnos\AppData\Roaming\npm-cache correctMkdir not in flight; initializing
25 silly install normalizeTree
26 silly loadCurrentTree Finishing
27 silly loadIdealTree Starting
28 silly install loadIdealTree
29 silly cloneCurrentTree Starting
30 silly install cloneCurrentTreeToIdealTree
31 silly cloneCurrentTree Finishing
32 silly loadShrinkwrap Starting
33 silly install loadShrinkwrap
34 silly loadShrinkwrap Finishing
35 silly loadAllDepsIntoIdealTree Starting
36 silly install loadAllDepsIntoIdealTree
37 silly resolveWithNewModule nginxparser@1.2.5 checking installable status
38 silly cache add args [ 'nginxparser', null ]
39 verbose cache add spec nginxparser
40 silly cache add parsed spec Result {
40 silly cache add   raw: 'nginxparser',
40 silly cache add   scope: null,
40 silly cache add   name: 'nginxparser',
40 silly cache add   rawSpec: '',
40 silly cache add   spec: 'latest',
40 silly cache add   type: 'tag' }
41 silly addNamed nginxparser@latest
42 verbose addNamed "latest" is being treated as a dist-tag for nginxparser
43 info addNameTag [ 'nginxparser', 'latest' ]
44 silly mapToRegistry name nginxparser
45 silly mapToRegistry using default registry
46 silly mapToRegistry registry https://registry.npmjs.org/
47 silly mapToRegistry uri https://registry.npmjs.org/nginxparser
48 verbose addNameTag registry:https://registry.npmjs.org/nginxparser not in flight; fetching
49 verbose get https://registry.npmjs.org/nginxparser not expired, no request
50 silly addNameTag next cb for nginxparser with tag latest
51 silly addNamed nginxparser@1.2.5
52 verbose addNamed "1.2.5" is a plain semver version for nginxparser
53 silly cache afterAdd nginxparser@1.2.5
54 verbose afterAdd C:\Users\vratnos\AppData\Roaming\npm-cache\nginxparser\1.2.5\package\package.json not in flight; writing
55 verbose correctMkdir C:\Users\vratnos\AppData\Roaming\npm-cache correctMkdir not in flight; initializing
56 verbose afterAdd C:\Users\vratnos\AppData\Roaming\npm-cache\nginxparser\1.2.5\package\package.json written
57 silly fetchNamedPackageData buffertools
58 silly mapToRegistry name buffertools
59 silly mapToRegistry using default registry
60 silly mapToRegistry registry https://registry.npmjs.org/
61 silly mapToRegistry uri https://registry.npmjs.org/buffertools
62 verbose request uri https://registry.npmjs.org/buffertools
63 verbose request no auth needed
64 info attempt registry request try #1 at 2:14:51 PM
65 verbose etag "83UA3TH94RMTYWHXFKMS4AP8U"
66 http request GET https://registry.npmjs.org/buffertools
67 http 304 https://registry.npmjs.org/buffertools
68 verbose headers { date: 'Thu, 28 Apr 2016 08:44:52 GMT',
68 verbose headers   via: '1.1 varnish',
68 verbose headers   'cache-control': 'max-age=300',
68 verbose headers   etag: '"83UA3TH94RMTYWHXFKMS4AP8U"',
68 verbose headers   age: '0',
68 verbose headers   connection: 'keep-alive',
68 verbose headers   'x-served-by': 'cache-lax1426-LAX',
68 verbose headers   'x-cache': 'HIT',
68 verbose headers   'x-cache-hits': '1',
68 verbose headers   'x-timer': 'S1461833092.405875,VS0,VE81',
68 verbose headers   vary: 'Accept-Encoding' }
69 silly get cb [ 304,
69 silly get   { date: 'Thu, 28 Apr 2016 08:44:52 GMT',
69 silly get     via: '1.1 varnish',
69 silly get     'cache-control': 'max-age=300',
69 silly get     etag: '"83UA3TH94RMTYWHXFKMS4AP8U"',
69 silly get     age: '0',
69 silly get     connection: 'keep-alive',
69 silly get     'x-served-by': 'cache-lax1426-LAX',
69 silly get     'x-cache': 'HIT',
69 silly get     'x-cache-hits': '1',
69 silly get     'x-timer': 'S1461833092.405875,VS0,VE81',
69 silly get     vary: 'Accept-Encoding' } ]
70 verbose etag https://registry.npmjs.org/buffertools from cache
71 verbose get saving buffertools to C:\Users\vratnos\AppData\Roaming\npm-cache\registry.npmjs.org\buffertools\.cache.json
72 verbose correctMkdir C:\Users\vratnos\AppData\Roaming\npm-cache correctMkdir not in flight; initializing
73 silly resolveWithNewModule buffertools@2.1.3 checking installable status
74 silly cache add args [ 'buffertools@2.1.3', null ]
75 verbose cache add spec buffertools@2.1.3
76 silly cache add parsed spec Result {
76 silly cache add   raw: 'buffertools@2.1.3',
76 silly cache add   scope: null,
76 silly cache add   name: 'buffertools',
76 silly cache add   rawSpec: '2.1.3',
76 silly cache add   spec: '2.1.3',
76 silly cache add   type: 'version' }
77 silly addNamed buffertools@2.1.3
78 verbose addNamed "2.1.3" is a plain semver version for buffertools
79 silly mapToRegistry name buffertools
80 silly mapToRegistry using default registry
81 silly mapToRegistry registry https://registry.npmjs.org/
82 silly mapToRegistry uri https://registry.npmjs.org/buffertools
83 verbose addNameVersion registry:https://registry.npmjs.org/buffertools not in flight; fetching
84 verbose get https://registry.npmjs.org/buffertools not expired, no request
85 silly cache afterAdd buffertools@2.1.3
86 verbose afterAdd C:\Users\vratnos\AppData\Roaming\npm-cache\buffertools\2.1.3\package\package.json not in flight; writing
87 verbose correctMkdir C:\Users\vratnos\AppData\Roaming\npm-cache correctMkdir not in flight; initializing
88 verbose afterAdd C:\Users\vratnos\AppData\Roaming\npm-cache\buffertools\2.1.3\package\package.json written
89 silly loadAllDepsIntoIdealTree Finishing
90 silly idealTree:prePrune nginx@0.0.0
90 silly idealTree:prePrune +-- accepts@1.2.13
90 silly idealTree:prePrune +-- acorn-globals@1.0.9
90 silly idealTree:prePrune +-- acorn@2.7.0
90 silly idealTree:prePrune +-- after@0.8.1
90 silly idealTree:prePrune +-- align-text@0.1.4
90 silly idealTree:prePrune +-- amdefine@1.0.0
90 silly idealTree:prePrune +-- array-flatten@1.1.1
90 silly idealTree:prePrune +-- arraybuffer.slice@0.0.6
90 silly idealTree:prePrune +-- asap@1.0.0
90 silly idealTree:prePrune +-- async@0.2.10
90 silly idealTree:prePrune +-- backo2@1.0.2
90 silly idealTree:prePrune +-- base64-arraybuffer@0.1.2
90 silly idealTree:prePrune +-- base64id@0.1.0
90 silly idealTree:prePrune +-- basic-auth@1.0.3
90 silly idealTree:prePrune +-- benchmark@1.0.0
90 silly idealTree:prePrune +-- better-assert@1.0.2
90 silly idealTree:prePrune +-- blob@0.0.4
90 silly idealTree:prePrune +-- body-parser@1.13.3
90 silly idealTree:prePrune +-- buffertools@2.1.3
90 silly idealTree:prePrune +-- bytes@2.1.0
90 silly idealTree:prePrune +-- callsite@1.0.0
90 silly idealTree:prePrune +-- camelcase@1.2.1
90 silly idealTree:prePrune +-- center-align@0.1.3
90 silly idealTree:prePrune +-- character-parser@1.2.1
90 silly idealTree:prePrune +-- clean-css@3.4.10
90 silly idealTree:prePrune | `-- commander@2.8.1
90 silly idealTree:prePrune +-- cliui@2.1.0
90 silly idealTree:prePrune | `-- wordwrap@0.0.2
90 silly idealTree:prePrune +-- commander@2.6.0
90 silly idealTree:prePrune +-- component-bind@1.0.0
90 silly idealTree:prePrune +-- component-emitter@1.1.2
90 silly idealTree:prePrune +-- component-inherit@0.0.3
90 silly idealTree:prePrune +-- constantinople@3.0.2
90 silly idealTree:prePrune +-- content-disposition@0.5.1
90 silly idealTree:prePrune +-- content-type@1.0.1
90 silly idealTree:prePrune +-- cookie-parser@1.3.5
90 silly idealTree:prePrune +-- cookie-signature@1.0.6
90 silly idealTree:prePrune +-- cookie@0.1.3
90 silly idealTree:prePrune +-- css-parse@1.0.4
90 silly idealTree:prePrune +-- css-stringify@1.0.5
90 silly idealTree:prePrune +-- css@1.0.8
90 silly idealTree:prePrune +-- debug@2.2.0
90 silly idealTree:prePrune +-- decamelize@1.2.0
90 silly idealTree:prePrune +-- depd@1.0.1
90 silly idealTree:prePrune +-- destroy@1.0.4
90 silly idealTree:prePrune +-- ee-first@1.1.1
90 silly idealTree:prePrune +-- ejs@2.4.1
90 silly idealTree:prePrune +-- engine.io-client@1.6.8
90 silly idealTree:prePrune +-- engine.io-parser@1.2.4
90 silly idealTree:prePrune | `-- has-binary@0.1.6
90 silly idealTree:prePrune +-- engine.io@1.6.8
90 silly idealTree:prePrune | +-- accepts@1.1.4
90 silly idealTree:prePrune | +-- mime-db@1.12.0
90 silly idealTree:prePrune | +-- mime-types@2.0.14
90 silly idealTree:prePrune | `-- negotiator@0.4.9
90 silly idealTree:prePrune +-- escape-html@1.0.3
90 silly idealTree:prePrune +-- etag@1.7.0
90 silly idealTree:prePrune +-- express@4.13.4
90 silly idealTree:prePrune | +-- cookie@0.1.5
90 silly idealTree:prePrune | `-- depd@1.1.0
90 silly idealTree:prePrune +-- finalhandler@0.4.1
90 silly idealTree:prePrune +-- forwarded@0.1.0
90 silly idealTree:prePrune +-- fresh@0.3.0
90 silly idealTree:prePrune +-- graceful-readlink@1.0.1
90 silly idealTree:prePrune +-- has-binary@0.1.7
90 silly idealTree:prePrune +-- has-cors@1.1.0
90 silly idealTree:prePrune +-- http-errors@1.3.1
90 silly idealTree:prePrune +-- iconv-lite@0.4.11
90 silly idealTree:prePrune +-- indexof@0.0.1
90 silly idealTree:prePrune +-- inherits@2.0.1
90 silly idealTree:prePrune +-- ipaddr.js@1.0.5
90 silly idealTree:prePrune +-- is-buffer@1.1.3
90 silly idealTree:prePrune +-- is-promise@2.1.0
90 silly idealTree:prePrune +-- isarray@0.0.1
90 silly idealTree:prePrune +-- jade@1.11.0
90 silly idealTree:prePrune +-- json3@3.2.6
90 silly idealTree:prePrune +-- jstransformer@0.0.2
90 silly idealTree:prePrune +-- kind-of@3.0.2
90 silly idealTree:prePrune +-- lazy-cache@1.0.3
90 silly idealTree:prePrune +-- longest@1.0.1
90 silly idealTree:prePrune +-- media-typer@0.3.0
90 silly idealTree:prePrune +-- merge-descriptors@1.0.1
90 silly idealTree:prePrune +-- methods@1.1.2
90 silly idealTree:prePrune +-- mime-db@1.22.0
90 silly idealTree:prePrune +-- mime-types@2.1.10
90 silly idealTree:prePrune +-- mime@1.3.4
90 silly idealTree:prePrune +-- minimist@0.0.8
90 silly idealTree:prePrune +-- mkdirp@0.5.1
90 silly idealTree:prePrune +-- morgan@1.6.1
90 silly idealTree:prePrune +-- ms@0.7.1
90 silly idealTree:prePrune +-- negotiator@0.5.3
90 silly idealTree:prePrune +-- nestable@0.2.0
90 silly idealTree:prePrune +-- nginx-conf@1.2.0
90 silly idealTree:prePrune +-- nginxparser@1.2.5
90 silly idealTree:prePrune +-- npm-debug.log
90 silly idealTree:prePrune +-- object-component@0.0.3
90 silly idealTree:prePrune +-- on-finished@2.3.0
90 silly idealTree:prePrune +-- on-headers@1.0.1
90 silly idealTree:prePrune +-- optimist@0.3.7
90 silly idealTree:prePrune +-- options@0.0.6
90 silly idealTree:prePrune +-- parsejson@0.0.1
90 silly idealTree:prePrune +-- parseqs@0.0.2
90 silly idealTree:prePrune +-- parseuri@0.0.4
90 silly idealTree:prePrune +-- parseurl@1.3.1
90 silly idealTree:prePrune +-- path-to-regexp@0.1.7
90 silly idealTree:prePrune +-- promise@6.1.0
90 silly idealTree:prePrune +-- proxy-addr@1.0.10
90 silly idealTree:prePrune +-- qs@4.0.0
90 silly idealTree:prePrune +-- range-parser@1.0.3
90 silly idealTree:prePrune +-- raw-body@2.1.6
90 silly idealTree:prePrune | +-- bytes@2.3.0
90 silly idealTree:prePrune | `-- iconv-lite@0.4.13
90 silly idealTree:prePrune +-- repeat-string@1.5.4
90 silly idealTree:prePrune +-- right-align@0.1.3
90 silly idealTree:prePrune +-- send@0.13.1
90 silly idealTree:prePrune | `-- depd@1.1.0
90 silly idealTree:prePrune +-- serve-favicon@2.3.0
90 silly idealTree:prePrune +-- serve-static@1.10.2
90 silly idealTree:prePrune +-- socket.io-adapter@0.4.0
90 silly idealTree:prePrune | `-- socket.io-parser@2.2.2
90 silly idealTree:prePrune |   `-- debug@0.7.4
90 silly idealTree:prePrune +-- socket.io-client@1.4.5
90 silly idealTree:prePrune | `-- component-emitter@1.2.0
90 silly idealTree:prePrune +-- socket.io-parser@2.2.6
90 silly idealTree:prePrune | `-- json3@3.3.2
90 silly idealTree:prePrune +-- socket.io@1.4.5
90 silly idealTree:prePrune +-- source-map@0.4.4
90 silly idealTree:prePrune +-- statuses@1.2.1
90 silly idealTree:prePrune +-- to-array@0.1.4
90 silly idealTree:prePrune +-- transformers@2.1.0
90 silly idealTree:prePrune | +-- is-promise@1.0.1
90 silly idealTree:prePrune | +-- promise@2.0.0
90 silly idealTree:prePrune | +-- source-map@0.1.43
90 silly idealTree:prePrune | `-- uglify-js@2.2.5
90 silly idealTree:prePrune +-- type-is@1.6.12
90 silly idealTree:prePrune +-- uglify-js@2.6.2
90 silly idealTree:prePrune | `-- source-map@0.5.3
90 silly idealTree:prePrune +-- uglify-to-browserify@1.0.2
90 silly idealTree:prePrune +-- ultron@1.0.2
90 silly idealTree:prePrune +-- unpipe@1.0.0
90 silly idealTree:prePrune +-- utf8@2.1.0
90 silly idealTree:prePrune +-- utils-merge@1.0.0
90 silly idealTree:prePrune +-- vary@1.0.1
90 silly idealTree:prePrune +-- void-elements@2.0.1
90 silly idealTree:prePrune +-- window-size@0.1.0
90 silly idealTree:prePrune +-- with@4.0.3
90 silly idealTree:prePrune | `-- acorn@1.2.2
90 silly idealTree:prePrune +-- wordwrap@0.0.3
90 silly idealTree:prePrune +-- ws@1.0.1
90 silly idealTree:prePrune +-- xmlhttprequest-ssl@1.5.1
90 silly idealTree:prePrune +-- yargs@3.10.0
90 silly idealTree:prePrune `-- yeast@0.1.2
91 silly loadIdealTree Finishing
92 silly currentTree nginx@0.0.0
92 silly currentTree +-- accepts@1.2.13
92 silly currentTree +-- acorn-globals@1.0.9
92 silly currentTree +-- acorn@2.7.0
92 silly currentTree +-- after@0.8.1
92 silly currentTree +-- align-text@0.1.4
92 silly currentTree +-- amdefine@1.0.0
92 silly currentTree +-- array-flatten@1.1.1
92 silly currentTree +-- arraybuffer.slice@0.0.6
92 silly currentTree +-- asap@1.0.0
92 silly currentTree +-- async@0.2.10
92 silly currentTree +-- backo2@1.0.2
92 silly currentTree +-- base64-arraybuffer@0.1.2
92 silly currentTree +-- base64id@0.1.0
92 silly currentTree +-- basic-auth@1.0.3
92 silly currentTree +-- benchmark@1.0.0
92 silly currentTree +-- better-assert@1.0.2
92 silly currentTree +-- blob@0.0.4
92 silly currentTree +-- body-parser@1.13.3
92 silly currentTree +-- bytes@2.1.0
92 silly currentTree +-- callsite@1.0.0
92 silly currentTree +-- camelcase@1.2.1
92 silly currentTree +-- center-align@0.1.3
92 silly currentTree +-- character-parser@1.2.1
92 silly currentTree +-- clean-css@3.4.10
92 silly currentTree | `-- commander@2.8.1
92 silly currentTree +-- cliui@2.1.0
92 silly currentTree | `-- wordwrap@0.0.2
92 silly currentTree +-- commander@2.6.0
92 silly currentTree +-- component-bind@1.0.0
92 silly currentTree +-- component-emitter@1.1.2
92 silly currentTree +-- component-inherit@0.0.3
92 silly currentTree +-- constantinople@3.0.2
92 silly currentTree +-- content-disposition@0.5.1
92 silly currentTree +-- content-type@1.0.1
92 silly currentTree +-- cookie-parser@1.3.5
92 silly currentTree +-- cookie-signature@1.0.6
92 silly currentTree +-- cookie@0.1.3
92 silly currentTree +-- css-parse@1.0.4
92 silly currentTree +-- css-stringify@1.0.5
92 silly currentTree +-- css@1.0.8
92 silly currentTree +-- debug@2.2.0
92 silly currentTree +-- decamelize@1.2.0
92 silly currentTree +-- depd@1.0.1
92 silly currentTree +-- destroy@1.0.4
92 silly currentTree +-- ee-first@1.1.1
92 silly currentTree +-- ejs@2.4.1
92 silly currentTree +-- engine.io-client@1.6.8
92 silly currentTree +-- engine.io-parser@1.2.4
92 silly currentTree | `-- has-binary@0.1.6
92 silly currentTree +-- engine.io@1.6.8
92 silly currentTree | +-- accepts@1.1.4
92 silly currentTree | +-- mime-db@1.12.0
92 silly currentTree | +-- mime-types@2.0.14
92 silly currentTree | `-- negotiator@0.4.9
92 silly currentTree +-- escape-html@1.0.3
92 silly currentTree +-- etag@1.7.0
92 silly currentTree +-- express@4.13.4
92 silly currentTree | +-- cookie@0.1.5
92 silly currentTree | `-- depd@1.1.0
92 silly currentTree +-- finalhandler@0.4.1
92 silly currentTree +-- forwarded@0.1.0
92 silly currentTree +-- fresh@0.3.0
92 silly currentTree +-- graceful-readlink@1.0.1
92 silly currentTree +-- has-binary@0.1.7
92 silly currentTree +-- has-cors@1.1.0
92 silly currentTree +-- http-errors@1.3.1
92 silly currentTree +-- iconv-lite@0.4.11
92 silly currentTree +-- indexof@0.0.1
92 silly currentTree +-- inherits@2.0.1
92 silly currentTree +-- ipaddr.js@1.0.5
92 silly currentTree +-- is-buffer@1.1.3
92 silly currentTree +-- is-promise@2.1.0
92 silly currentTree +-- isarray@0.0.1
92 silly currentTree +-- jade@1.11.0
92 silly currentTree +-- json3@3.2.6
92 silly currentTree +-- jstransformer@0.0.2
92 silly currentTree +-- kind-of@3.0.2
92 silly currentTree +-- lazy-cache@1.0.3
92 silly currentTree +-- longest@1.0.1
92 silly currentTree +-- media-typer@0.3.0
92 silly currentTree +-- merge-descriptors@1.0.1
92 silly currentTree +-- methods@1.1.2
92 silly currentTree +-- mime-db@1.22.0
92 silly currentTree +-- mime-types@2.1.10
92 silly currentTree +-- mime@1.3.4
92 silly currentTree +-- minimist@0.0.8
92 silly currentTree +-- mkdirp@0.5.1
92 silly currentTree +-- morgan@1.6.1
92 silly currentTree +-- ms@0.7.1
92 silly currentTree +-- negotiator@0.5.3
92 silly currentTree +-- nestable@0.2.0
92 silly currentTree +-- nginx-conf@1.2.0
92 silly currentTree +-- npm-debug.log
92 silly currentTree +-- object-component@0.0.3
92 silly currentTree +-- on-finished@2.3.0
92 silly currentTree +-- on-headers@1.0.1
92 silly currentTree +-- optimist@0.3.7
92 silly currentTree +-- options@0.0.6
92 silly currentTree +-- parsejson@0.0.1
92 silly currentTree +-- parseqs@0.0.2
92 silly currentTree +-- parseuri@0.0.4
92 silly currentTree +-- parseurl@1.3.1
92 silly currentTree +-- path-to-regexp@0.1.7
92 silly currentTree +-- promise@6.1.0
92 silly currentTree +-- proxy-addr@1.0.10
92 silly currentTree +-- qs@4.0.0
92 silly currentTree +-- range-parser@1.0.3
92 silly currentTree +-- raw-body@2.1.6
92 silly currentTree | +-- bytes@2.3.0
92 silly currentTree | `-- iconv-lite@0.4.13
92 silly currentTree +-- repeat-string@1.5.4
92 silly currentTree +-- right-align@0.1.3
92 silly currentTree +-- send@0.13.1
92 silly currentTree | `-- depd@1.1.0
92 silly currentTree +-- serve-favicon@2.3.0
92 silly currentTree +-- serve-static@1.10.2
92 silly currentTree +-- socket.io-adapter@0.4.0
92 silly currentTree | `-- socket.io-parser@2.2.2
92 silly currentTree |   `-- debug@0.7.4
92 silly currentTree +-- socket.io-client@1.4.5
92 silly currentTree | `-- component-emitter@1.2.0
92 silly currentTree +-- socket.io-parser@2.2.6
92 silly currentTree | `-- json3@3.3.2
92 silly currentTree +-- socket.io@1.4.5
92 silly currentTree +-- source-map@0.4.4
92 silly currentTree +-- statuses@1.2.1
92 silly currentTree +-- to-array@0.1.4
92 silly currentTree +-- transformers@2.1.0
92 silly currentTree | +-- is-promise@1.0.1
92 silly currentTree | +-- promise@2.0.0
92 silly currentTree | +-- source-map@0.1.43
92 silly currentTree | `-- uglify-js@2.2.5
92 silly currentTree +-- type-is@1.6.12
92 silly currentTree +-- uglify-js@2.6.2
92 silly currentTree | `-- source-map@0.5.3
92 silly currentTree +-- uglify-to-browserify@1.0.2
92 silly currentTree +-- ultron@1.0.2
92 silly currentTree +-- unpipe@1.0.0
92 silly currentTree +-- utf8@2.1.0
92 silly currentTree +-- utils-merge@1.0.0
92 silly currentTree +-- vary@1.0.1
92 silly currentTree +-- void-elements@2.0.1
92 silly currentTree +-- window-size@0.1.0
92 silly currentTree +-- with@4.0.3
92 silly currentTree | `-- acorn@1.2.2
92 silly currentTree +-- wordwrap@0.0.3
92 silly currentTree +-- ws@1.0.1
92 silly currentTree +-- xmlhttprequest-ssl@1.5.1
92 silly currentTree +-- yargs@3.10.0
92 silly currentTree `-- yeast@0.1.2
93 silly idealTree nginx@0.0.0
93 silly idealTree +-- accepts@1.2.13
93 silly idealTree +-- acorn-globals@1.0.9
93 silly idealTree +-- acorn@2.7.0
93 silly idealTree +-- after@0.8.1
93 silly idealTree +-- align-text@0.1.4
93 silly idealTree +-- amdefine@1.0.0
93 silly idealTree +-- array-flatten@1.1.1
93 silly idealTree +-- arraybuffer.slice@0.0.6
93 silly idealTree +-- asap@1.0.0
93 silly idealTree +-- async@0.2.10
93 silly idealTree +-- backo2@1.0.2
93 silly idealTree +-- base64-arraybuffer@0.1.2
93 silly idealTree +-- base64id@0.1.0
93 silly idealTree +-- basic-auth@1.0.3
93 silly idealTree +-- benchmark@1.0.0
93 silly idealTree +-- better-assert@1.0.2
93 silly idealTree +-- blob@0.0.4
93 silly idealTree +-- body-parser@1.13.3
93 silly idealTree +-- buffertools@2.1.3
93 silly idealTree +-- bytes@2.1.0
93 silly idealTree +-- callsite@1.0.0
93 silly idealTree +-- camelcase@1.2.1
93 silly idealTree +-- center-align@0.1.3
93 silly idealTree +-- character-parser@1.2.1
93 silly idealTree +-- clean-css@3.4.10
93 silly idealTree | `-- commander@2.8.1
93 silly idealTree +-- cliui@2.1.0
93 silly idealTree | `-- wordwrap@0.0.2
93 silly idealTree +-- commander@2.6.0
93 silly idealTree +-- component-bind@1.0.0
93 silly idealTree +-- component-emitter@1.1.2
93 silly idealTree +-- component-inherit@0.0.3
93 silly idealTree +-- constantinople@3.0.2
93 silly idealTree +-- content-disposition@0.5.1
93 silly idealTree +-- content-type@1.0.1
93 silly idealTree +-- cookie-parser@1.3.5
93 silly idealTree +-- cookie-signature@1.0.6
93 silly idealTree +-- cookie@0.1.3
93 silly idealTree +-- css-parse@1.0.4
93 silly idealTree +-- css-stringify@1.0.5
93 silly idealTree +-- css@1.0.8
93 silly idealTree +-- debug@2.2.0
93 silly idealTree +-- decamelize@1.2.0
93 silly idealTree +-- depd@1.0.1
93 silly idealTree +-- destroy@1.0.4
93 silly idealTree +-- ee-first@1.1.1
93 silly idealTree +-- ejs@2.4.1
93 silly idealTree +-- engine.io-client@1.6.8
93 silly idealTree +-- engine.io-parser@1.2.4
93 silly idealTree | `-- has-binary@0.1.6
93 silly idealTree +-- engine.io@1.6.8
93 silly idealTree | +-- accepts@1.1.4
93 silly idealTree | +-- mime-db@1.12.0
93 silly idealTree | +-- mime-types@2.0.14
93 silly idealTree | `-- negotiator@0.4.9
93 silly idealTree +-- escape-html@1.0.3
93 silly idealTree +-- etag@1.7.0
93 silly idealTree +-- express@4.13.4
93 silly idealTree | +-- cookie@0.1.5
93 silly idealTree | `-- depd@1.1.0
93 silly idealTree +-- finalhandler@0.4.1
93 silly idealTree +-- forwarded@0.1.0
93 silly idealTree +-- fresh@0.3.0
93 silly idealTree +-- graceful-readlink@1.0.1
93 silly idealTree +-- has-binary@0.1.7
93 silly idealTree +-- has-cors@1.1.0
93 silly idealTree +-- http-errors@1.3.1
93 silly idealTree +-- iconv-lite@0.4.11
93 silly idealTree +-- indexof@0.0.1
93 silly idealTree +-- inherits@2.0.1
93 silly idealTree +-- ipaddr.js@1.0.5
93 silly idealTree +-- is-buffer@1.1.3
93 silly idealTree +-- is-promise@2.1.0
93 silly idealTree +-- isarray@0.0.1
93 silly idealTree +-- jade@1.11.0
93 silly idealTree +-- json3@3.2.6
93 silly idealTree +-- jstransformer@0.0.2
93 silly idealTree +-- kind-of@3.0.2
93 silly idealTree +-- lazy-cache@1.0.3
93 silly idealTree +-- longest@1.0.1
93 silly idealTree +-- media-typer@0.3.0
93 silly idealTree +-- merge-descriptors@1.0.1
93 silly idealTree +-- methods@1.1.2
93 silly idealTree +-- mime-db@1.22.0
93 silly idealTree +-- mime-types@2.1.10
93 silly idealTree +-- mime@1.3.4
93 silly idealTree +-- minimist@0.0.8
93 silly idealTree +-- mkdirp@0.5.1
93 silly idealTree +-- morgan@1.6.1
93 silly idealTree +-- ms@0.7.1
93 silly idealTree +-- negotiator@0.5.3
93 silly idealTree +-- nestable@0.2.0
93 silly idealTree +-- nginx-conf@1.2.0
93 silly idealTree +-- nginxparser@1.2.5
93 silly idealTree +-- npm-debug.log
93 silly idealTree +-- object-component@0.0.3
93 silly idealTree +-- on-finished@2.3.0
93 silly idealTree +-- on-headers@1.0.1
93 silly idealTree +-- optimist@0.3.7
93 silly idealTree +-- options@0.0.6
93 silly idealTree +-- parsejson@0.0.1
93 silly idealTree +-- parseqs@0.0.2
93 silly idealTree +-- parseuri@0.0.4
93 silly idealTree +-- parseurl@1.3.1
93 silly idealTree +-- path-to-regexp@0.1.7
93 silly idealTree +-- promise@6.1.0
93 silly idealTree +-- proxy-addr@1.0.10
93 silly idealTree +-- qs@4.0.0
93 silly idealTree +-- range-parser@1.0.3
93 silly idealTree +-- raw-body@2.1.6
93 silly idealTree | +-- bytes@2.3.0
93 silly idealTree | `-- iconv-lite@0.4.13
93 silly idealTree +-- repeat-string@1.5.4
93 silly idealTree +-- right-align@0.1.3
93 silly idealTree +-- send@0.13.1
93 silly idealTree | `-- depd@1.1.0
93 silly idealTree +-- serve-favicon@2.3.0
93 silly idealTree +-- serve-static@1.10.2
93 silly idealTree +-- socket.io-adapter@0.4.0
93 silly idealTree | `-- socket.io-parser@2.2.2
93 silly idealTree |   `-- debug@0.7.4
93 silly idealTree +-- socket.io-client@1.4.5
93 silly idealTree | `-- component-emitter@1.2.0
93 silly idealTree +-- socket.io-parser@2.2.6
93 silly idealTree | `-- json3@3.3.2
93 silly idealTree +-- socket.io@1.4.5
93 silly idealTree +-- source-map@0.4.4
93 silly idealTree +-- statuses@1.2.1
93 silly idealTree +-- to-array@0.1.4
93 silly idealTree +-- transformers@2.1.0
93 silly idealTree | +-- is-promise@1.0.1
93 silly idealTree | +-- promise@2.0.0
93 silly idealTree | +-- source-map@0.1.43
93 silly idealTree | `-- uglify-js@2.2.5
93 silly idealTree +-- type-is@1.6.12
93 silly idealTree +-- uglify-js@2.6.2
93 silly idealTree | `-- source-map@0.5.3
93 silly idealTree +-- uglify-to-browserify@1.0.2
93 silly idealTree +-- ultron@1.0.2
93 silly idealTree +-- unpipe@1.0.0
93 silly idealTree +-- utf8@2.1.0
93 silly idealTree +-- utils-merge@1.0.0
93 silly idealTree +-- vary@1.0.1
93 silly idealTree +-- void-elements@2.0.1
93 silly idealTree +-- window-size@0.1.0
93 silly idealTree +-- with@4.0.3
93 silly idealTree | `-- acorn@1.2.2
93 silly idealTree +-- wordwrap@0.0.3
93 silly idealTree +-- ws@1.0.1
93 silly idealTree +-- xmlhttprequest-ssl@1.5.1
93 silly idealTree +-- yargs@3.10.0
93 silly idealTree `-- yeast@0.1.2
94 silly generateActionsToTake Starting
95 silly install generateActionsToTake
96 silly generateActionsToTake Finishing
97 silly diffTrees action count 2
98 silly diffTrees add buffertools@2.1.3
99 silly diffTrees add nginxparser@1.2.5
100 silly decomposeActions action count 16
101 silly decomposeActions fetch buffertools@2.1.3
102 silly decomposeActions extract buffertools@2.1.3
103 silly decomposeActions test buffertools@2.1.3
104 silly decomposeActions preinstall buffertools@2.1.3
105 silly decomposeActions build buffertools@2.1.3
106 silly decomposeActions install buffertools@2.1.3
107 silly decomposeActions postinstall buffertools@2.1.3
108 silly decomposeActions finalize buffertools@2.1.3
109 silly decomposeActions fetch nginxparser@1.2.5
110 silly decomposeActions extract nginxparser@1.2.5
111 silly decomposeActions test nginxparser@1.2.5
112 silly decomposeActions preinstall nginxparser@1.2.5
113 silly decomposeActions build nginxparser@1.2.5
114 silly decomposeActions install nginxparser@1.2.5
115 silly decomposeActions postinstall nginxparser@1.2.5
116 silly decomposeActions finalize nginxparser@1.2.5
117 silly executeActions Starting
118 silly install executeActions
119 silly doSerial global-install 0
120 silly doParallel fetch 2
121 verbose correctMkdir C:\Users\vratnos\AppData\Roaming\npm-cache\_locks correctMkdir not in flight; initializing
122 verbose lock using C:\Users\vratnos\AppData\Roaming\npm-cache\_locks\staging-b95498f3d6a36c56.lock for C:\Users\vratnos\Desktop\nginx_admin\node_modules\.staging
123 silly doParallel extract 2
124 silly extract buffertools@2.1.3
125 silly extract nginxparser@1.2.5
126 verbose unbuild node_modules\.staging\buffertools-64bb9f4c
127 verbose unbuild node_modules\.staging\nginxparser-18dd12ea
128 silly gentlyRm C:\Users\vratnos\Desktop\nginx_admin\node_modules\.staging\buffertools-64bb9f4c is being purged from base C:\Users\vratnos\Desktop\nginx_admin
129 verbose gentlyRm don't care about contents; nuking C:\Users\vratnos\Desktop\nginx_admin\node_modules\.staging\buffertools-64bb9f4c
130 silly gentlyRm C:\Users\vratnos\Desktop\nginx_admin\node_modules\.staging\nginxparser-18dd12ea is being purged from base C:\Users\vratnos\Desktop\nginx_admin
131 verbose gentlyRm don't care about contents; nuking C:\Users\vratnos\Desktop\nginx_admin\node_modules\.staging\nginxparser-18dd12ea
132 verbose tar unpack C:\Users\vratnos\AppData\Roaming\npm-cache\buffertools\2.1.3\package.tgz
133 verbose tar unpacking to C:\Users\vratnos\Desktop\nginx_admin\node_modules\.staging\buffertools-64bb9f4c
134 silly gentlyRm C:\Users\vratnos\Desktop\nginx_admin\node_modules\.staging\buffertools-64bb9f4c is being purged
135 verbose gentlyRm don't care about contents; nuking C:\Users\vratnos\Desktop\nginx_admin\node_modules\.staging\buffertools-64bb9f4c
136 verbose tar unpack C:\Users\vratnos\AppData\Roaming\npm-cache\nginxparser\1.2.5\package.tgz
137 verbose tar unpacking to C:\Users\vratnos\Desktop\nginx_admin\node_modules\.staging\nginxparser-18dd12ea
138 silly gentlyRm C:\Users\vratnos\Desktop\nginx_admin\node_modules\.staging\nginxparser-18dd12ea is being purged
139 verbose gentlyRm don't care about contents; nuking C:\Users\vratnos\Desktop\nginx_admin\node_modules\.staging\nginxparser-18dd12ea
140 silly gunzTarPerm modes [ '777', '666' ]
141 silly gunzTarPerm modes [ '777', '666' ]
142 silly gunzTarPerm extractEntry package.json
143 silly gunzTarPerm modified mode [ 'package.json', 436, 438 ]
144 silly gunzTarPerm extractEntry package.json
145 silly gunzTarPerm modified mode [ 'package.json', 493, 511 ]
146 silly gunzTarPerm extractEntry .npmignore
147 silly gunzTarPerm modified mode [ '.npmignore', 436, 438 ]
148 silly gunzTarPerm extractEntry README.md
149 silly gunzTarPerm modified mode [ 'README.md', 436, 438 ]
150 silly gunzTarPerm extractEntry .npmignore
151 silly gunzTarPerm modified mode [ '.npmignore', 420, 438 ]
152 silly gunzTarPerm extractEntry README.md
153 silly gunzTarPerm modified mode [ 'README.md', 420, 438 ]
154 silly gunzTarPerm extractEntry LICENSE
155 silly gunzTarPerm modified mode [ 'LICENSE', 436, 438 ]
156 silly gunzTarPerm extractEntry buffertools.js
157 silly gunzTarPerm modified mode [ 'buffertools.js', 436, 438 ]
158 silly gunzTarPerm extractEntry LICENSE
159 silly gunzTarPerm modified mode [ 'LICENSE', 493, 511 ]
160 silly gunzTarPerm extractEntry index.js
161 silly gunzTarPerm modified mode [ 'index.js', 420, 438 ]
162 silly gunzTarPerm extractEntry test.js
163 silly gunzTarPerm modified mode [ 'test.js', 436, 438 ]
164 silly gunzTarPerm extractEntry binding.gyp
165 silly gunzTarPerm modified mode [ 'binding.gyp', 436, 438 ]
166 silly gunzTarPerm extractEntry buffertools.cc
167 silly gunzTarPerm modified mode [ 'buffertools.cc', 436, 438 ]
168 silly gunzTarPerm extractEntry BoyerMoore.h
169 silly gunzTarPerm modified mode [ 'BoyerMoore.h', 436, 438 ]
170 silly gunzTarPerm extractEntry AUTHORS
171 silly gunzTarPerm modified mode [ 'AUTHORS', 436, 438 ]
172 silly gunzTarPerm extractEntry .mailmap
173 silly gunzTarPerm modified mode [ '.mailmap', 436, 438 ]
174 silly gentlyRm C:\Users\vratnos\Desktop\nginx_admin\node_modules\.staging\nginxparser-18dd12ea\node_modules is being purged
175 verbose gentlyRm don't care about contents; nuking C:\Users\vratnos\Desktop\nginx_admin\node_modules\.staging\nginxparser-18dd12ea\node_modules
176 silly gentlyRm C:\Users\vratnos\Desktop\nginx_admin\node_modules\.staging\buffertools-64bb9f4c\node_modules is being purged
177 verbose gentlyRm don't care about contents; nuking C:\Users\vratnos\Desktop\nginx_admin\node_modules\.staging\buffertools-64bb9f4c\node_modules
178 silly doParallel preinstall 2
179 silly preinstall buffertools@2.1.3 C:\Users\vratnos\Desktop\nginx_admin\node_modules\.staging\buffertools-64bb9f4c
180 info lifecycle buffertools@2.1.3~preinstall: buffertools@2.1.3
181 silly preinstall nginxparser@1.2.5 C:\Users\vratnos\Desktop\nginx_admin\node_modules\.staging\nginxparser-18dd12ea
182 info lifecycle nginxparser@1.2.5~preinstall: nginxparser@1.2.5
183 silly lifecycle buffertools@2.1.3~preinstall: no script for preinstall, continuing
184 silly lifecycle nginxparser@1.2.5~preinstall: no script for preinstall, continuing
185 silly doReverseSerial remove 0
186 silly doSerial move 0
187 silly doSerial finalize 2
188 silly finalize C:\Users\vratnos\Desktop\nginx_admin\node_modules\buffertools
189 silly finalize C:\Users\vratnos\Desktop\nginx_admin\node_modules\nginxparser
190 silly doSerial build 2
191 silly build buffertools@2.1.3
192 info linkStuff buffertools@2.1.3
193 silly linkStuff buffertools@2.1.3 has C:\Users\vratnos\Desktop\nginx_admin\node_modules as its parent node_modules
194 verbose linkBins buffertools@2.1.3
195 verbose linkMans buffertools@2.1.3
196 silly build nginxparser@1.2.5
197 info linkStuff nginxparser@1.2.5
198 silly linkStuff nginxparser@1.2.5 has C:\Users\vratnos\Desktop\nginx_admin\node_modules as its parent node_modules
199 verbose linkBins nginxparser@1.2.5
200 verbose linkMans nginxparser@1.2.5
201 silly doSerial global-link 0
202 silly doParallel update-linked 0
203 silly doSerial install 2
204 silly install buffertools@2.1.3 C:\Users\vratnos\Desktop\nginx_admin\node_modules\.staging\buffertools-64bb9f4c
205 info lifecycle buffertools@2.1.3~install: buffertools@2.1.3
206 verbose lifecycle buffertools@2.1.3~install: unsafe-perm in lifecycle true
207 verbose lifecycle buffertools@2.1.3~install: PATH: C:\Program Files\nodejs\node_modules\npm\bin\node-gyp-bin;C:\Users\vratnos\Desktop\nginx_admin\node_modules\buffertools\node_modules\.bin;C:\Users\vratnos\Desktop\nginx_admin\node_modules\.bin;C:\Program Files\nodejs;C:\Ruby22\bin;C:\Program Files (x86)\AMD APP\bin\x86_64;C:\Program Files (x86)\AMD APP\bin\x86;C:\Windows\system32;C:\Windows;C:\Windows\System32\Wbem;C:\Windows\System32\WindowsPowerShell\v1.0\;C:\Program Files (x86)\ATI Technologies\ATI.ACE\Core-Static;C:\Program Files\1E\NomadBranch\;C:\python27;C:\Program Files (x86)\GnuWin32\bin\;C:\Users\vratnos\Downloads\consul_0.6.3_windows_amd64;C:\HashiCorp\Vagrant\bin;C:\opscode\chefdk\bin\;C:\Program Files\nodejs\;C:\Program Files\Git\bin;C:\Program Files\Git\bin
208 verbose lifecycle buffertools@2.1.3~install: CWD: C:\Users\vratnos\Desktop\nginx_admin\node_modules\buffertools
209 silly lifecycle buffertools@2.1.3~install: Args: [ '/d /s /c', 'node-gyp rebuild' ]
210 silly lifecycle buffertools@2.1.3~install: Returned: code: 1  signal: null
211 info lifecycle buffertools@2.1.3~install: Failed to exec install script
212 verbose unlock done using C:\Users\vratnos\AppData\Roaming\npm-cache\_locks\staging-b95498f3d6a36c56.lock for C:\Users\vratnos\Desktop\nginx_admin\node_modules\.staging
213 silly rollbackFailedOptional Starting
214 silly rollbackFailedOptional Finishing
215 silly runTopLevelLifecycles Starting
216 silly runTopLevelLifecycles Finishing
217 silly install printInstalled
218 warn enoent ENOENT: no such file or directory, open 'C:\Users\vratnos\Desktop\nginx_admin\node_modules\npm-debug.log\package.json'
219 verbose stack Error: buffertools@2.1.3 install: `node-gyp rebuild`
219 verbose stack Exit status 1
219 verbose stack     at EventEmitter.<anonymous> (C:\Program Files\nodejs\node_modules\npm\lib\utils\lifecycle.js:239:16)
219 verbose stack     at emitTwo (events.js:100:13)
219 verbose stack     at EventEmitter.emit (events.js:185:7)
219 verbose stack     at ChildProcess.<anonymous> (C:\Program Files\nodejs\node_modules\npm\lib\utils\spawn.js:24:14)
219 verbose stack     at emitTwo (events.js:100:13)
219 verbose stack     at ChildProcess.emit (events.js:185:7)
219 verbose stack     at maybeClose (internal/child_process.js:850:16)
219 verbose stack     at Process.ChildProcess._handle.onexit (internal/child_process.js:215:5)
220 verbose pkgid buffertools@2.1.3
221 verbose cwd C:\Users\vratnos\Desktop\nginx_admin\routes
222 error Windows_NT 6.1.7601
223 error argv "C:\\Program Files\\nodejs\\node.exe" "C:\\Program Files\\nodejs\\node_modules\\npm\\bin\\npm-cli.js" "install" "nginxparser" "--save"
224 error node v5.9.0
225 error npm  v3.7.3
226 error code ELIFECYCLE
227 error buffertools@2.1.3 install: `node-gyp rebuild`
227 error Exit status 1
228 error Failed at the buffertools@2.1.3 install script 'node-gyp rebuild'.
228 error Make sure you have the latest version of node.js and npm installed.
228 error If you do, this is most likely a problem with the buffertools package,
228 error not with npm itself.
228 error Tell the author that this fails on your system:
228 error     node-gyp rebuild
228 error You can get information on how to open an issue for this project with:
228 error     npm bugs buffertools
228 error Or if that isn't available, you can get their info via:
228 error     npm owner ls buffertools
228 error There is likely additional logging output above.
229 verbose exit [ 1, true ]
